SYSTEM INFORMATION
PyTorch Version: 2.6.0+cpu
CUDA Available: False
Number of CPU cores: 12
Using device: cpu
Loaded existing transaction graph

Original Dataset: Data(x=[152833, 8], edge_index=[2, 98213], edge_attr=[98213, 2], edge_type=[98213], edge_label=[98213], num_nodes=152833)
Number of nodes: 152833
Number of edges: 98213
Number of fraud transactions: 8213.0
Number of non-fraud transactions: 90000.0
Fraud ratio: 0.0836
Class imbalance ratio: 10.96:1

Configuration: {
  "downsampled_upweight": 60,
  "target_ratio": 0.45,
  "max_epochs": 500,
  "patience": 20,
  "learning_rate": 0.001,
  "weight_decay": 0.01,
  "focal_gamma": 2.0,
  "focal_weight": 0.7,
  "model_params": {
    "hidden_dim": 64,
    "heads": 4,
    "num_gnn_layers": 3,
    "dropout": 0.3
  }
}

Starting experiments with 20 different seeds...
Seeds to test: [42, 123, 456, 789, 1337, 2023, 2024, 3141, 5432, 9876, 111, 222, 333, 444, 555, 666, 777, 888, 999, 1111]

================================================================================
EXPERIMENT 1/20 - SEED: 42
Set random seed to: 42
Started experiment with seed 42
Oversampling 45794 fraud transactions...

Seed 42 - After Oversampling Training Data: Data(x=[152833, 8], edge_index=[2, 114545], edge_attr=[114545, 2], edge_label=[114545], edge_type=[114545], num_nodes=152833)
Number of nodes: 152833
Number of edges: 114545
Number of fraud transactions: 51545.0
Number of non-fraud transactions: 63000.0
Fraud ratio: 0.4500
Class imbalance ratio: 1.22:1

Seed 42 - Train Set: Data(x=[152833, 8], edge_index=[2, 114545], edge_attr=[114545, 2], edge_label=[114545], edge_type=[114545], num_nodes=152833)
Number of nodes: 152833
Number of edges: 114545
Number of fraud transactions: 51545.0
Number of non-fraud transactions: 63000.0
Fraud ratio: 0.4500
Class imbalance ratio: 1.22:1

Seed 42 - Validation Set: Data(x=[152833, 8], edge_index=[2, 14731], edge_attr=[14731, 2], edge_label=[14731], edge_type=[14731], num_nodes=152833)
Number of nodes: 152833
Number of edges: 14731
Number of fraud transactions: 1231.0
Number of non-fraud transactions: 13500.0
Fraud ratio: 0.0836
Class imbalance ratio: 10.97:1

Seed 42 - Test Set: Data(x=[152833, 8], edge_index=[2, 14731], edge_attr=[14731, 2], edge_label=[14731], edge_type=[14731], num_nodes=152833)
Number of nodes: 152833
Number of edges: 14731
Number of fraud transactions: 1231.0
Number of non-fraud transactions: 13500.0
Fraud ratio: 0.0836
Class imbalance ratio: 10.97:1

Starting training for seed 42...
Seed 42 - Epoch     0 | Loss:  2796.1885 | Val F1:  0.0000 | Val AUC: 0.6500 | Val AP: 0.1154
Seed 42 - Epoch    25 | Loss:     0.3928 | Val F1:  0.0145 | Val AUC: 0.5152 | Val AP: 0.0921
Early stopping at epoch 33 for seed 42
Experiment completed - Seed: 42

Test AUC: 0.9262
Test F1-Score: 0.5653
Test Precision: 0.4111
Test Recall: 0.9050
Test Specificity: 0.8818
Optimal Threshold: 0.9912

Confusion Matrix:
True Negatives:  11904
False Positives: 1596
False Negatives: 117
True Positives:  1114

Training time: 55.4 seconds
Completed seed 42
================================================================================

================================================================================
EXPERIMENT 2/20 - SEED: 123
Set random seed to: 123
Started experiment with seed 123
Oversampling 45794 fraud transactions...

Seed 123 - After Oversampling Training Data: Data(x=[152833, 8], edge_index=[2, 114545], edge_attr=[114545, 2], edge_label=[114545], edge_type=[114545], num_nodes=152833)
Number of nodes: 152833
Number of edges: 114545
Number of fraud transactions: 51545.0
Number of non-fraud transactions: 63000.0
Fraud ratio: 0.4500
Class imbalance ratio: 1.22:1

Seed 123 - Train Set: Data(x=[152833, 8], edge_index=[2, 114545], edge_attr=[114545, 2], edge_label=[114545], edge_type=[114545], num_nodes=152833)
Number of nodes: 152833
Number of edges: 114545
Number of fraud transactions: 51545.0
Number of non-fraud transactions: 63000.0
Fraud ratio: 0.4500
Class imbalance ratio: 1.22:1

Seed 123 - Validation Set: Data(x=[152833, 8], edge_index=[2, 14731], edge_attr=[14731, 2], edge_label=[14731], edge_type=[14731], num_nodes=152833)
Number of nodes: 152833
Number of edges: 14731
Number of fraud transactions: 1231.0
Number of non-fraud transactions: 13500.0
Fraud ratio: 0.0836
Class imbalance ratio: 10.97:1

Seed 123 - Test Set: Data(x=[152833, 8], edge_index=[2, 14731], edge_attr=[14731, 2], edge_label=[14731], edge_type=[14731], num_nodes=152833)
Number of nodes: 152833
Number of edges: 14731
Number of fraud transactions: 1231.0
Number of non-fraud transactions: 13500.0
Fraud ratio: 0.0836
Class imbalance ratio: 10.97:1

Starting training for seed 123...
Seed 123 - Epoch     0 | Loss:  2350.6438 | Val F1:  0.0000 | Val AUC: 0.5034 | Val AP: 0.0841
Seed 123 - Epoch    25 | Loss:     0.1842 | Val F1:  0.0145 | Val AUC: 0.5036 | Val AP: 0.0903
Early stopping at epoch 30 for seed 123
Experiment completed - Seed: 123

Test AUC: 0.8148
Test F1-Score: 0.3415
Test Precision: 0.2121
Test Recall: 0.8749
Test Specificity: 0.7037
Optimal Threshold: 1.0000

Confusion Matrix:
True Negatives:  9500
False Positives: 4000
False Negatives: 154
True Positives:  1077

Training time: 66.1 seconds
Completed seed 123
================================================================================

================================================================================
EXPERIMENT 3/20 - SEED: 456
Set random seed to: 456
Started experiment with seed 456
Oversampling 45794 fraud transactions...

Seed 456 - After Oversampling Training Data: Data(x=[152833, 8], edge_index=[2, 114545], edge_attr=[114545, 2], edge_label=[114545], edge_type=[114545], num_nodes=152833)
Number of nodes: 152833
Number of edges: 114545
Number of fraud transactions: 51545.0
Number of non-fraud transactions: 63000.0
Fraud ratio: 0.4500
Class imbalance ratio: 1.22:1

Seed 456 - Train Set: Data(x=[152833, 8], edge_index=[2, 114545], edge_attr=[114545, 2], edge_label=[114545], edge_type=[114545], num_nodes=152833)
Number of nodes: 152833
Number of edges: 114545
Number of fraud transactions: 51545.0
Number of non-fraud transactions: 63000.0
Fraud ratio: 0.4500
Class imbalance ratio: 1.22:1

Seed 456 - Validation Set: Data(x=[152833, 8], edge_index=[2, 14731], edge_attr=[14731, 2], edge_label=[14731], edge_type=[14731], num_nodes=152833)
Number of nodes: 152833
Number of edges: 14731
Number of fraud transactions: 1231.0
Number of non-fraud transactions: 13500.0
Fraud ratio: 0.0836
Class imbalance ratio: 10.97:1

Seed 456 - Test Set: Data(x=[152833, 8], edge_index=[2, 14731], edge_attr=[14731, 2], edge_label=[14731], edge_type=[14731], num_nodes=152833)
Number of nodes: 152833
Number of edges: 14731
Number of fraud transactions: 1231.0
Number of non-fraud transactions: 13500.0
Fraud ratio: 0.0836
Class imbalance ratio: 10.97:1

Starting training for seed 456...
Seed 456 - Epoch     0 | Loss:  3790.4646 | Val F1:  0.0000 | Val AUC: 0.5016 | Val AP: 0.0838
Seed 456 - Epoch    25 | Loss:    14.0083 | Val F1:  0.0641 | Val AUC: 0.6166 | Val AP: 0.1070
Early stopping at epoch 40 for seed 456
Experiment completed - Seed: 456

Test AUC: 0.8560
Test F1-Score: 0.3890
Test Precision: 0.2443
Test Recall: 0.9545
Test Specificity: 0.7307
Optimal Threshold: 1.0000

Confusion Matrix:
True Negatives:  9865
False Positives: 3635
False Negatives: 56
True Positives:  1175

Training time: 93.7 seconds
Completed seed 456
================================================================================

================================================================================
EXPERIMENT 4/20 - SEED: 789
Set random seed to: 789
Started experiment with seed 789
Oversampling 45794 fraud transactions...

Seed 789 - After Oversampling Training Data: Data(x=[152833, 8], edge_index=[2, 114545], edge_attr=[114545, 2], edge_label=[114545], edge_type=[114545], num_nodes=152833)
Number of nodes: 152833
Number of edges: 114545
Number of fraud transactions: 51545.0
Number of non-fraud transactions: 63000.0
Fraud ratio: 0.4500
Class imbalance ratio: 1.22:1

Seed 789 - Train Set: Data(x=[152833, 8], edge_index=[2, 114545], edge_attr=[114545, 2], edge_label=[114545], edge_type=[114545], num_nodes=152833)
Number of nodes: 152833
Number of edges: 114545
Number of fraud transactions: 51545.0
Number of non-fraud transactions: 63000.0
Fraud ratio: 0.4500
Class imbalance ratio: 1.22:1

Seed 789 - Validation Set: Data(x=[152833, 8], edge_index=[2, 14731], edge_attr=[14731, 2], edge_label=[14731], edge_type=[14731], num_nodes=152833)
Number of nodes: 152833
Number of edges: 14731
Number of fraud transactions: 1231.0
Number of non-fraud transactions: 13500.0
Fraud ratio: 0.0836
Class imbalance ratio: 10.97:1

Seed 789 - Test Set: Data(x=[152833, 8], edge_index=[2, 14731], edge_attr=[14731, 2], edge_label=[14731], edge_type=[14731], num_nodes=152833)
Number of nodes: 152833
Number of edges: 14731
Number of fraud transactions: 1231.0
Number of non-fraud transactions: 13500.0
Fraud ratio: 0.0836
Class imbalance ratio: 10.97:1

Starting training for seed 789...
Seed 789 - Epoch     0 | Loss:  4042.9089 | Val F1:  0.0000 | Val AUC: 0.5035 | Val AP: 0.0841
Seed 789 - Epoch    25 | Loss:     4.6569 | Val F1:  0.0661 | Val AUC: 0.6452 | Val AP: 0.1418
Early stopping at epoch 43 for seed 789
Experiment completed - Seed: 789

Test AUC: 0.8178
Test F1-Score: 0.3365
Test Precision: 0.2028
Test Recall: 0.9878
Test Specificity: 0.6459
Optimal Threshold: 1.0000

Confusion Matrix:
True Negatives:  8720
False Positives: 4780
False Negatives: 15
True Positives:  1216

Training time: 107.4 seconds
Completed seed 789
================================================================================

================================================================================
EXPERIMENT 5/20 - SEED: 1337
Set random seed to: 1337
Started experiment with seed 1337
Oversampling 45794 fraud transactions...

Seed 1337 - After Oversampling Training Data: Data(x=[152833, 8], edge_index=[2, 114545], edge_attr=[114545, 2], edge_label=[114545], edge_type=[114545], num_nodes=152833)
Number of nodes: 152833
Number of edges: 114545
Number of fraud transactions: 51545.0
Number of non-fraud transactions: 63000.0
Fraud ratio: 0.4500
Class imbalance ratio: 1.22:1

Seed 1337 - Train Set: Data(x=[152833, 8], edge_index=[2, 114545], edge_attr=[114545, 2], edge_label=[114545], edge_type=[114545], num_nodes=152833)
Number of nodes: 152833
Number of edges: 114545
Number of fraud transactions: 51545.0
Number of non-fraud transactions: 63000.0
Fraud ratio: 0.4500
Class imbalance ratio: 1.22:1

Seed 1337 - Validation Set: Data(x=[152833, 8], edge_index=[2, 14731], edge_attr=[14731, 2], edge_label=[14731], edge_type=[14731], num_nodes=152833)
Number of nodes: 152833
Number of edges: 14731
Number of fraud transactions: 1231.0
Number of non-fraud transactions: 13500.0
Fraud ratio: 0.0836
Class imbalance ratio: 10.97:1

Seed 1337 - Test Set: Data(x=[152833, 8], edge_index=[2, 14731], edge_attr=[14731, 2], edge_label=[14731], edge_type=[14731], num_nodes=152833)
Number of nodes: 152833
Number of edges: 14731
Number of fraud transactions: 1231.0
Number of non-fraud transactions: 13500.0
Fraud ratio: 0.0836
Class imbalance ratio: 10.97:1

Starting training for seed 1337...
Seed 1337 - Epoch     0 | Loss:  3924.9722 | Val F1:  0.0000 | Val AUC: 0.5412 | Val AP: 0.0904
Seed 1337 - Epoch    25 | Loss:     0.3450 | Val F1:  0.0141 | Val AUC: 0.5155 | Val AP: 0.0918
Early stopping at epoch 36 for seed 1337
Experiment completed - Seed: 1337

Test AUC: 0.6397
Test F1-Score: 0.2003
Test Precision: 0.1114
Test Recall: 0.9935
Test Specificity: 0.2771
Optimal Threshold: 0.4918

Confusion Matrix:
True Negatives:  3741
False Positives: 9759
False Negatives: 8
True Positives:  1223

Training time: 78.4 seconds
Completed seed 1337
================================================================================

================================================================================
EXPERIMENT 6/20 - SEED: 2023
Set random seed to: 2023
Started experiment with seed 2023
Oversampling 45794 fraud transactions...

Seed 2023 - After Oversampling Training Data: Data(x=[152833, 8], edge_index=[2, 114545], edge_attr=[114545, 2], edge_label=[114545], edge_type=[114545], num_nodes=152833)
Number of nodes: 152833
Number of edges: 114545
Number of fraud transactions: 51545.0
Number of non-fraud transactions: 63000.0
Fraud ratio: 0.4500
Class imbalance ratio: 1.22:1

Seed 2023 - Train Set: Data(x=[152833, 8], edge_index=[2, 114545], edge_attr=[114545, 2], edge_label=[114545], edge_type=[114545], num_nodes=152833)
Number of nodes: 152833
Number of edges: 114545
Number of fraud transactions: 51545.0
Number of non-fraud transactions: 63000.0
Fraud ratio: 0.4500
Class imbalance ratio: 1.22:1

Seed 2023 - Validation Set: Data(x=[152833, 8], edge_index=[2, 14731], edge_attr=[14731, 2], edge_label=[14731], edge_type=[14731], num_nodes=152833)
Number of nodes: 152833
Number of edges: 14731
Number of fraud transactions: 1231.0
Number of non-fraud transactions: 13500.0
Fraud ratio: 0.0836
Class imbalance ratio: 10.97:1

Seed 2023 - Test Set: Data(x=[152833, 8], edge_index=[2, 14731], edge_attr=[14731, 2], edge_label=[14731], edge_type=[14731], num_nodes=152833)
Number of nodes: 152833
Number of edges: 14731
Number of fraud transactions: 1231.0
Number of non-fraud transactions: 13500.0
Fraud ratio: 0.0836
Class imbalance ratio: 10.97:1

Starting training for seed 2023...
Seed 2023 - Epoch     0 | Loss:  6791.1787 | Val F1:  0.0000 | Val AUC: 0.5465 | Val AP: 0.0913
Seed 2023 - Epoch    25 | Loss:    35.4235 | Val F1:  0.0000 | Val AUC: 0.8365 | Val AP: 0.2345
Early stopping at epoch 41 for seed 2023
Experiment completed - Seed: 2023

Test AUC: 0.9339
Test F1-Score: 0.6012
Test Precision: 0.4465
Test Recall: 0.9196
Test Specificity: 0.8961
Optimal Threshold: 1.0000

Confusion Matrix:
True Negatives:  12097
False Positives: 1403
False Negatives: 99
True Positives:  1132

Training time: 99.0 seconds
Completed seed 2023
================================================================================

================================================================================
EXPERIMENT 7/20 - SEED: 2024
Set random seed to: 2024
Started experiment with seed 2024
Oversampling 45794 fraud transactions...

Seed 2024 - After Oversampling Training Data: Data(x=[152833, 8], edge_index=[2, 114545], edge_attr=[114545, 2], edge_label=[114545], edge_type=[114545], num_nodes=152833)
Number of nodes: 152833
Number of edges: 114545
Number of fraud transactions: 51545.0
Number of non-fraud transactions: 63000.0
Fraud ratio: 0.4500
Class imbalance ratio: 1.22:1

Seed 2024 - Train Set: Data(x=[152833, 8], edge_index=[2, 114545], edge_attr=[114545, 2], edge_label=[114545], edge_type=[114545], num_nodes=152833)
Number of nodes: 152833
Number of edges: 114545
Number of fraud transactions: 51545.0
Number of non-fraud transactions: 63000.0
Fraud ratio: 0.4500
Class imbalance ratio: 1.22:1

Seed 2024 - Validation Set: Data(x=[152833, 8], edge_index=[2, 14731], edge_attr=[14731, 2], edge_label=[14731], edge_type=[14731], num_nodes=152833)
Number of nodes: 152833
Number of edges: 14731
Number of fraud transactions: 1231.0
Number of non-fraud transactions: 13500.0
Fraud ratio: 0.0836
Class imbalance ratio: 10.97:1

Seed 2024 - Test Set: Data(x=[152833, 8], edge_index=[2, 14731], edge_attr=[14731, 2], edge_label=[14731], edge_type=[14731], num_nodes=152833)
Number of nodes: 152833
Number of edges: 14731
Number of fraud transactions: 1231.0
Number of non-fraud transactions: 13500.0
Fraud ratio: 0.0836
Class imbalance ratio: 10.97:1

Starting training for seed 2024...
Seed 2024 - Epoch     0 | Loss:  1899.6166 | Val F1:  0.0000 | Val AUC: 0.5033 | Val AP: 0.0841
Seed 2024 - Epoch    25 | Loss:     0.4057 | Val F1:  0.0177 | Val AUC: 0.5189 | Val AP: 0.0940
Early stopping at epoch 31 for seed 2024
Experiment completed - Seed: 2024

Test AUC: 0.7653
Test F1-Score: 0.3330
Test Precision: 0.2155
Test Recall: 0.7327
Test Specificity: 0.7567
Optimal Threshold: 0.9636

Confusion Matrix:
True Negatives:  10216
False Positives: 3284
False Negatives: 329
True Positives:  902

Training time: 62.3 seconds
Completed seed 2024
================================================================================

================================================================================
EXPERIMENT 8/20 - SEED: 3141
Set random seed to: 3141
Started experiment with seed 3141
Oversampling 45794 fraud transactions...

Seed 3141 - After Oversampling Training Data: Data(x=[152833, 8], edge_index=[2, 114545], edge_attr=[114545, 2], edge_label=[114545], edge_type=[114545], num_nodes=152833)
Number of nodes: 152833
Number of edges: 114545
Number of fraud transactions: 51545.0
Number of non-fraud transactions: 63000.0
Fraud ratio: 0.4500
Class imbalance ratio: 1.22:1

Seed 3141 - Train Set: Data(x=[152833, 8], edge_index=[2, 114545], edge_attr=[114545, 2], edge_label=[114545], edge_type=[114545], num_nodes=152833)
Number of nodes: 152833
Number of edges: 114545
Number of fraud transactions: 51545.0
Number of non-fraud transactions: 63000.0
Fraud ratio: 0.4500
Class imbalance ratio: 1.22:1

Seed 3141 - Validation Set: Data(x=[152833, 8], edge_index=[2, 14731], edge_attr=[14731, 2], edge_label=[14731], edge_type=[14731], num_nodes=152833)
Number of nodes: 152833
Number of edges: 14731
Number of fraud transactions: 1231.0
Number of non-fraud transactions: 13500.0
Fraud ratio: 0.0836
Class imbalance ratio: 10.97:1

Seed 3141 - Test Set: Data(x=[152833, 8], edge_index=[2, 14731], edge_attr=[14731, 2], edge_label=[14731], edge_type=[14731], num_nodes=152833)
Number of nodes: 152833
Number of edges: 14731
Number of fraud transactions: 1231.0
Number of non-fraud transactions: 13500.0
Fraud ratio: 0.0836
Class imbalance ratio: 10.97:1

Starting training for seed 3141...
Seed 3141 - Epoch     0 | Loss:  1779.8556 | Val F1:  0.0151 | Val AUC: 0.3472 | Val AP: 0.0808
Seed 3141 - Epoch    25 | Loss:    15.0130 | Val F1:  0.0000 | Val AUC: 0.8585 | Val AP: 0.2780
Early stopping at epoch 47 for seed 3141
Experiment completed - Seed: 3141

Test AUC: 0.8766
Test F1-Score: 0.5115
Test Precision: 0.6249
Test Recall: 0.4330
Test Specificity: 0.9763
Optimal Threshold: 1.0000

Confusion Matrix:
True Negatives:  13180
False Positives: 320
False Negatives: 698
True Positives:  533

Training time: 103.5 seconds
Completed seed 3141
================================================================================

================================================================================
EXPERIMENT 9/20 - SEED: 5432
Set random seed to: 5432
Started experiment with seed 5432
Oversampling 45794 fraud transactions...

Seed 5432 - After Oversampling Training Data: Data(x=[152833, 8], edge_index=[2, 114545], edge_attr=[114545, 2], edge_label=[114545], edge_type=[114545], num_nodes=152833)
Number of nodes: 152833
Number of edges: 114545
Number of fraud transactions: 51545.0
Number of non-fraud transactions: 63000.0
Fraud ratio: 0.4500
Class imbalance ratio: 1.22:1

Seed 5432 - Train Set: Data(x=[152833, 8], edge_index=[2, 114545], edge_attr=[114545, 2], edge_label=[114545], edge_type=[114545], num_nodes=152833)
Number of nodes: 152833
Number of edges: 114545
Number of fraud transactions: 51545.0
Number of non-fraud transactions: 63000.0
Fraud ratio: 0.4500
Class imbalance ratio: 1.22:1

Seed 5432 - Validation Set: Data(x=[152833, 8], edge_index=[2, 14731], edge_attr=[14731, 2], edge_label=[14731], edge_type=[14731], num_nodes=152833)
Number of nodes: 152833
Number of edges: 14731
Number of fraud transactions: 1231.0
Number of non-fraud transactions: 13500.0
Fraud ratio: 0.0836
Class imbalance ratio: 10.97:1

Seed 5432 - Test Set: Data(x=[152833, 8], edge_index=[2, 14731], edge_attr=[14731, 2], edge_label=[14731], edge_type=[14731], num_nodes=152833)
Number of nodes: 152833
Number of edges: 14731
Number of fraud transactions: 1231.0
Number of non-fraud transactions: 13500.0
Fraud ratio: 0.0836
Class imbalance ratio: 10.97:1

Starting training for seed 5432...
Seed 5432 - Epoch     0 | Loss:  2386.3479 | Val F1:  0.0287 | Val AUC: 0.4426 | Val AP: 0.0919
Seed 5432 - Epoch    25 | Loss:    15.8838 | Val F1:  0.2483 | Val AUC: 0.7078 | Val AP: 0.1258
Early stopping at epoch 40 for seed 5432
Experiment completed - Seed: 5432

Test AUC: 0.9169
Test F1-Score: 0.5320
Test Precision: 0.3738
Test Recall: 0.9220
Test Specificity: 0.8592
Optimal Threshold: 0.9997

Confusion Matrix:
True Negatives:  11599
False Positives: 1901
False Negatives: 96
True Positives:  1135

Training time: 107.6 seconds
Completed seed 5432
================================================================================

================================================================================
EXPERIMENT 10/20 - SEED: 9876
Set random seed to: 9876
Started experiment with seed 9876
Oversampling 45794 fraud transactions...

Seed 9876 - After Oversampling Training Data: Data(x=[152833, 8], edge_index=[2, 114545], edge_attr=[114545, 2], edge_label=[114545], edge_type=[114545], num_nodes=152833)
Number of nodes: 152833
Number of edges: 114545
Number of fraud transactions: 51545.0
Number of non-fraud transactions: 63000.0
Fraud ratio: 0.4500
Class imbalance ratio: 1.22:1

Seed 9876 - Train Set: Data(x=[152833, 8], edge_index=[2, 114545], edge_attr=[114545, 2], edge_label=[114545], edge_type=[114545], num_nodes=152833)
Number of nodes: 152833
Number of edges: 114545
Number of fraud transactions: 51545.0
Number of non-fraud transactions: 63000.0
Fraud ratio: 0.4500
Class imbalance ratio: 1.22:1

Seed 9876 - Validation Set: Data(x=[152833, 8], edge_index=[2, 14731], edge_attr=[14731, 2], edge_label=[14731], edge_type=[14731], num_nodes=152833)
Number of nodes: 152833
Number of edges: 14731
Number of fraud transactions: 1231.0
Number of non-fraud transactions: 13500.0
Fraud ratio: 0.0836
Class imbalance ratio: 10.97:1

Seed 9876 - Test Set: Data(x=[152833, 8], edge_index=[2, 14731], edge_attr=[14731, 2], edge_label=[14731], edge_type=[14731], num_nodes=152833)
Number of nodes: 152833
Number of edges: 14731
Number of fraud transactions: 1231.0
Number of non-fraud transactions: 13500.0
Fraud ratio: 0.0836
Class imbalance ratio: 10.97:1

Starting training for seed 9876...
Seed 9876 - Epoch     0 | Loss:  1932.9172 | Val F1:  0.0298 | Val AUC: 0.3586 | Val AP: 0.0789
Seed 9876 - Epoch    25 | Loss:     0.4415 | Val F1:  0.0613 | Val AUC: 0.5371 | Val AP: 0.1160
Early stopping at epoch 31 for seed 9876
Experiment completed - Seed: 9876

Test AUC: 0.5034
Test F1-Score: 0.1974
Test Precision: 0.1146
Test Recall: 0.7100
Test Specificity: 0.4999
Optimal Threshold: 0.0000

Confusion Matrix:
True Negatives:  6749
False Positives: 6751
False Negatives: 357
True Positives:  874

Training time: 86.4 seconds
Completed seed 9876
================================================================================

================================================================================
EXPERIMENT 11/20 - SEED: 111
Set random seed to: 111
Started experiment with seed 111
Oversampling 45794 fraud transactions...

Seed 111 - After Oversampling Training Data: Data(x=[152833, 8], edge_index=[2, 114545], edge_attr=[114545, 2], edge_label=[114545], edge_type=[114545], num_nodes=152833)
Number of nodes: 152833
Number of edges: 114545
Number of fraud transactions: 51545.0
Number of non-fraud transactions: 63000.0
Fraud ratio: 0.4500
Class imbalance ratio: 1.22:1

Seed 111 - Train Set: Data(x=[152833, 8], edge_index=[2, 114545], edge_attr=[114545, 2], edge_label=[114545], edge_type=[114545], num_nodes=152833)
Number of nodes: 152833
Number of edges: 114545
Number of fraud transactions: 51545.0
Number of non-fraud transactions: 63000.0
Fraud ratio: 0.4500
Class imbalance ratio: 1.22:1

Seed 111 - Validation Set: Data(x=[152833, 8], edge_index=[2, 14731], edge_attr=[14731, 2], edge_label=[14731], edge_type=[14731], num_nodes=152833)
Number of nodes: 152833
Number of edges: 14731
Number of fraud transactions: 1231.0
Number of non-fraud transactions: 13500.0
Fraud ratio: 0.0836
Class imbalance ratio: 10.97:1

Seed 111 - Test Set: Data(x=[152833, 8], edge_index=[2, 14731], edge_attr=[14731, 2], edge_label=[14731], edge_type=[14731], num_nodes=152833)
Number of nodes: 152833
Number of edges: 14731
Number of fraud transactions: 1231.0
Number of non-fraud transactions: 13500.0
Fraud ratio: 0.0836
Class imbalance ratio: 10.97:1

Starting training for seed 111...
Seed 111 - Epoch     0 | Loss:  5452.4824 | Val F1:  0.1541 | Val AUC: 0.4999 | Val AP: 0.0835
Seed 111 - Epoch    25 | Loss:     4.9483 | Val F1:  0.0608 | Val AUC: 0.5674 | Val AP: 0.1000
Early stopping at epoch 33 for seed 111
Experiment completed - Seed: 111

Test AUC: 0.9079
Test F1-Score: 0.5248
Test Precision: 0.3696
Test Recall: 0.9041
Test Specificity: 0.8594
Optimal Threshold: 0.9999

Confusion Matrix:
True Negatives:  11602
False Positives: 1898
False Negatives: 118
True Positives:  1113

Training time: 86.3 seconds
Completed seed 111
================================================================================

================================================================================
EXPERIMENT 12/20 - SEED: 222
Set random seed to: 222
Started experiment with seed 222
Oversampling 45794 fraud transactions...

Seed 222 - After Oversampling Training Data: Data(x=[152833, 8], edge_index=[2, 114545], edge_attr=[114545, 2], edge_label=[114545], edge_type=[114545], num_nodes=152833)
Number of nodes: 152833
Number of edges: 114545
Number of fraud transactions: 51545.0
Number of non-fraud transactions: 63000.0
Fraud ratio: 0.4500
Class imbalance ratio: 1.22:1

Seed 222 - Train Set: Data(x=[152833, 8], edge_index=[2, 114545], edge_attr=[114545, 2], edge_label=[114545], edge_type=[114545], num_nodes=152833)
Number of nodes: 152833
Number of edges: 114545
Number of fraud transactions: 51545.0
Number of non-fraud transactions: 63000.0
Fraud ratio: 0.4500
Class imbalance ratio: 1.22:1

Seed 222 - Validation Set: Data(x=[152833, 8], edge_index=[2, 14731], edge_attr=[14731, 2], edge_label=[14731], edge_type=[14731], num_nodes=152833)
Number of nodes: 152833
Number of edges: 14731
Number of fraud transactions: 1231.0
Number of non-fraud transactions: 13500.0
Fraud ratio: 0.0836
Class imbalance ratio: 10.97:1

Seed 222 - Test Set: Data(x=[152833, 8], edge_index=[2, 14731], edge_attr=[14731, 2], edge_label=[14731], edge_type=[14731], num_nodes=152833)
Number of nodes: 152833
Number of edges: 14731
Number of fraud transactions: 1231.0
Number of non-fraud transactions: 13500.0
Fraud ratio: 0.0836
Class imbalance ratio: 10.97:1

Starting training for seed 222...
Seed 222 - Epoch     0 | Loss:  3271.6143 | Val F1:  0.0000 | Val AUC: 0.5458 | Val AP: 0.0912
Seed 222 - Epoch    25 | Loss:     2.4594 | Val F1:  0.0395 | Val AUC: 0.6038 | Val AP: 0.1197
Early stopping at epoch 35 for seed 222
Experiment completed - Seed: 222

Test AUC: 0.9152
Test F1-Score: 0.0000
Test Precision: 0.0000
Test Recall: 0.0000
Test Specificity: 1.0000
Optimal Threshold: 1.0000

Confusion Matrix:
True Negatives:  13500
False Positives: 0
False Negatives: 1231
True Positives:  0

Training time: 95.2 seconds
Completed seed 222
================================================================================

================================================================================
EXPERIMENT 13/20 - SEED: 333
Set random seed to: 333
Started experiment with seed 333
Oversampling 45794 fraud transactions...

Seed 333 - After Oversampling Training Data: Data(x=[152833, 8], edge_index=[2, 114545], edge_attr=[114545, 2], edge_label=[114545], edge_type=[114545], num_nodes=152833)
Number of nodes: 152833
Number of edges: 114545
Number of fraud transactions: 51545.0
Number of non-fraud transactions: 63000.0
Fraud ratio: 0.4500
Class imbalance ratio: 1.22:1

Seed 333 - Train Set: Data(x=[152833, 8], edge_index=[2, 114545], edge_attr=[114545, 2], edge_label=[114545], edge_type=[114545], num_nodes=152833)
Number of nodes: 152833
Number of edges: 114545
Number of fraud transactions: 51545.0
Number of non-fraud transactions: 63000.0
Fraud ratio: 0.4500
Class imbalance ratio: 1.22:1

Seed 333 - Validation Set: Data(x=[152833, 8], edge_index=[2, 14731], edge_attr=[14731, 2], edge_label=[14731], edge_type=[14731], num_nodes=152833)
Number of nodes: 152833
Number of edges: 14731
Number of fraud transactions: 1231.0
Number of non-fraud transactions: 13500.0
Fraud ratio: 0.0836
Class imbalance ratio: 10.97:1

Seed 333 - Test Set: Data(x=[152833, 8], edge_index=[2, 14731], edge_attr=[14731, 2], edge_label=[14731], edge_type=[14731], num_nodes=152833)
Number of nodes: 152833
Number of edges: 14731
Number of fraud transactions: 1231.0
Number of non-fraud transactions: 13500.0
Fraud ratio: 0.0836
Class imbalance ratio: 10.97:1

Starting training for seed 333...
Seed 333 - Epoch     0 | Loss:  9953.0186 | Val F1:  0.0000 | Val AUC: 0.6168 | Val AP: 0.1064
Seed 333 - Epoch    25 | Loss:    13.8653 | Val F1:  0.0296 | Val AUC: 0.6808 | Val AP: 0.1352
Early stopping at epoch 40 for seed 333
Experiment completed - Seed: 333

Test AUC: 0.8980
Test F1-Score: 0.4937
Test Precision: 0.3394
Test Recall: 0.9050
Test Specificity: 0.8394
Optimal Threshold: 1.0000

Confusion Matrix:
True Negatives:  11332
False Positives: 2168
False Negatives: 117
True Positives:  1114

Training time: 111.3 seconds
Completed seed 333
================================================================================

================================================================================
EXPERIMENT 14/20 - SEED: 444
Set random seed to: 444
Started experiment with seed 444
Oversampling 45794 fraud transactions...

Seed 444 - After Oversampling Training Data: Data(x=[152833, 8], edge_index=[2, 114545], edge_attr=[114545, 2], edge_label=[114545], edge_type=[114545], num_nodes=152833)
Number of nodes: 152833
Number of edges: 114545
Number of fraud transactions: 51545.0
Number of non-fraud transactions: 63000.0
Fraud ratio: 0.4500
Class imbalance ratio: 1.22:1

Seed 444 - Train Set: Data(x=[152833, 8], edge_index=[2, 114545], edge_attr=[114545, 2], edge_label=[114545], edge_type=[114545], num_nodes=152833)
Number of nodes: 152833
Number of edges: 114545
Number of fraud transactions: 51545.0
Number of non-fraud transactions: 63000.0
Fraud ratio: 0.4500
Class imbalance ratio: 1.22:1

Seed 444 - Validation Set: Data(x=[152833, 8], edge_index=[2, 14731], edge_attr=[14731, 2], edge_label=[14731], edge_type=[14731], num_nodes=152833)
Number of nodes: 152833
Number of edges: 14731
Number of fraud transactions: 1231.0
Number of non-fraud transactions: 13500.0
Fraud ratio: 0.0836
Class imbalance ratio: 10.97:1

Seed 444 - Test Set: Data(x=[152833, 8], edge_index=[2, 14731], edge_attr=[14731, 2], edge_label=[14731], edge_type=[14731], num_nodes=152833)
Number of nodes: 152833
Number of edges: 14731
Number of fraud transactions: 1231.0
Number of non-fraud transactions: 13500.0
Fraud ratio: 0.0836
Class imbalance ratio: 10.97:1

Starting training for seed 444...
Seed 444 - Epoch     0 | Loss:  6246.3232 | Val F1:  0.1630 | Val AUC: 0.5324 | Val AP: 0.0888
Seed 444 - Epoch    25 | Loss:    21.9934 | Val F1:  0.5964 | Val AUC: 0.9061 | Val AP: 0.5963
Seed 444 - Epoch    50 | Loss:     3.9273 | Val F1:  0.6314 | Val AUC: 0.9583 | Val AP: 0.7178
Early stopping at epoch 59 for seed 444
Experiment completed - Seed: 444

Test AUC: 0.9765
Test F1-Score: 0.8127
Test Precision: 0.7072
Test Recall: 0.9553
Test Specificity: 0.9639
Optimal Threshold: 0.5023

Confusion Matrix:
True Negatives:  13013
False Positives: 487
False Negatives: 55
True Positives:  1176

Training time: 176.5 seconds
Completed seed 444
================================================================================

================================================================================
EXPERIMENT 15/20 - SEED: 555
Set random seed to: 555
Started experiment with seed 555
Oversampling 45794 fraud transactions...

Seed 555 - After Oversampling Training Data: Data(x=[152833, 8], edge_index=[2, 114545], edge_attr=[114545, 2], edge_label=[114545], edge_type=[114545], num_nodes=152833)
Number of nodes: 152833
Number of edges: 114545
Number of fraud transactions: 51545.0
Number of non-fraud transactions: 63000.0
Fraud ratio: 0.4500
Class imbalance ratio: 1.22:1

Seed 555 - Train Set: Data(x=[152833, 8], edge_index=[2, 114545], edge_attr=[114545, 2], edge_label=[114545], edge_type=[114545], num_nodes=152833)
Number of nodes: 152833
Number of edges: 114545
Number of fraud transactions: 51545.0
Number of non-fraud transactions: 63000.0
Fraud ratio: 0.4500
Class imbalance ratio: 1.22:1

Seed 555 - Validation Set: Data(x=[152833, 8], edge_index=[2, 14731], edge_attr=[14731, 2], edge_label=[14731], edge_type=[14731], num_nodes=152833)
Number of nodes: 152833
Number of edges: 14731
Number of fraud transactions: 1231.0
Number of non-fraud transactions: 13500.0
Fraud ratio: 0.0836
Class imbalance ratio: 10.97:1

Seed 555 - Test Set: Data(x=[152833, 8], edge_index=[2, 14731], edge_attr=[14731, 2], edge_label=[14731], edge_type=[14731], num_nodes=152833)
Number of nodes: 152833
Number of edges: 14731
Number of fraud transactions: 1231.0
Number of non-fraud transactions: 13500.0
Fraud ratio: 0.0836
Class imbalance ratio: 10.97:1

Starting training for seed 555...
Seed 555 - Epoch     0 | Loss:  2285.7505 | Val F1:  0.0000 | Val AUC: 0.6715 | Val AP: 0.1222
Seed 555 - Epoch    25 | Loss:    10.7114 | Val F1:  0.2073 | Val AUC: 0.6283 | Val AP: 0.1127
Early stopping at epoch 39 for seed 555
Experiment completed - Seed: 555

Test AUC: 0.8494
Test F1-Score: 0.0000
Test Precision: 0.0000
Test Recall: 0.0000
Test Specificity: 1.0000
Optimal Threshold: 1.0000

Confusion Matrix:
True Negatives:  13500
False Positives: 0
False Negatives: 1231
True Positives:  0

Training time: 108.6 seconds
Completed seed 555
================================================================================

================================================================================
EXPERIMENT 16/20 - SEED: 666
Set random seed to: 666
Started experiment with seed 666
Oversampling 45794 fraud transactions...

Seed 666 - After Oversampling Training Data: Data(x=[152833, 8], edge_index=[2, 114545], edge_attr=[114545, 2], edge_label=[114545], edge_type=[114545], num_nodes=152833)
Number of nodes: 152833
Number of edges: 114545
Number of fraud transactions: 51545.0
Number of non-fraud transactions: 63000.0
Fraud ratio: 0.4500
Class imbalance ratio: 1.22:1

Seed 666 - Train Set: Data(x=[152833, 8], edge_index=[2, 114545], edge_attr=[114545, 2], edge_label=[114545], edge_type=[114545], num_nodes=152833)
Number of nodes: 152833
Number of edges: 114545
Number of fraud transactions: 51545.0
Number of non-fraud transactions: 63000.0
Fraud ratio: 0.4500
Class imbalance ratio: 1.22:1

Seed 666 - Validation Set: Data(x=[152833, 8], edge_index=[2, 14731], edge_attr=[14731, 2], edge_label=[14731], edge_type=[14731], num_nodes=152833)
Number of nodes: 152833
Number of edges: 14731
Number of fraud transactions: 1231.0
Number of non-fraud transactions: 13500.0
Fraud ratio: 0.0836
Class imbalance ratio: 10.97:1

Seed 666 - Test Set: Data(x=[152833, 8], edge_index=[2, 14731], edge_attr=[14731, 2], edge_label=[14731], edge_type=[14731], num_nodes=152833)
Number of nodes: 152833
Number of edges: 14731
Number of fraud transactions: 1231.0
Number of non-fraud transactions: 13500.0
Fraud ratio: 0.0836
Class imbalance ratio: 10.97:1

Starting training for seed 666...
Seed 666 - Epoch     0 | Loss:  3586.7727 | Val F1:  0.1875 | Val AUC: 0.6054 | Val AP: 0.1036
Seed 666 - Epoch    25 | Loss:     2.9882 | Val F1:  0.0378 | Val AUC: 0.5872 | Val AP: 0.1091
Early stopping at epoch 29 for seed 666
Experiment completed - Seed: 666

Test AUC: 0.8543
Test F1-Score: 0.3879
Test Precision: 0.2455
Test Recall: 0.9236
Test Specificity: 0.7412
Optimal Threshold: 1.0000

Confusion Matrix:
True Negatives:  10006
False Positives: 3494
False Negatives: 94
True Positives:  1137

Training time: 79.0 seconds
Completed seed 666
================================================================================

================================================================================
EXPERIMENT 17/20 - SEED: 777
Set random seed to: 777
Started experiment with seed 777
Oversampling 45794 fraud transactions...

Seed 777 - After Oversampling Training Data: Data(x=[152833, 8], edge_index=[2, 114545], edge_attr=[114545, 2], edge_label=[114545], edge_type=[114545], num_nodes=152833)
Number of nodes: 152833
Number of edges: 114545
Number of fraud transactions: 51545.0
Number of non-fraud transactions: 63000.0
Fraud ratio: 0.4500
Class imbalance ratio: 1.22:1

Seed 777 - Train Set: Data(x=[152833, 8], edge_index=[2, 114545], edge_attr=[114545, 2], edge_label=[114545], edge_type=[114545], num_nodes=152833)
Number of nodes: 152833
Number of edges: 114545
Number of fraud transactions: 51545.0
Number of non-fraud transactions: 63000.0
Fraud ratio: 0.4500
Class imbalance ratio: 1.22:1

Seed 777 - Validation Set: Data(x=[152833, 8], edge_index=[2, 14731], edge_attr=[14731, 2], edge_label=[14731], edge_type=[14731], num_nodes=152833)
Number of nodes: 152833
Number of edges: 14731
Number of fraud transactions: 1231.0
Number of non-fraud transactions: 13500.0
Fraud ratio: 0.0836
Class imbalance ratio: 10.97:1

Seed 777 - Test Set: Data(x=[152833, 8], edge_index=[2, 14731], edge_attr=[14731, 2], edge_label=[14731], edge_type=[14731], num_nodes=152833)
Number of nodes: 152833
Number of edges: 14731
Number of fraud transactions: 1231.0
Number of non-fraud transactions: 13500.0
Fraud ratio: 0.0836
Class imbalance ratio: 10.97:1

Starting training for seed 777...
Seed 777 - Epoch     0 | Loss: 15063.1348 | Val F1:  0.0263 | Val AUC: 0.4444 | Val AP: 0.0824
Seed 777 - Epoch    25 | Loss:    35.3260 | Val F1:  0.4924 | Val AUC: 0.8989 | Val AP: 0.3350
Early stopping at epoch 45 for seed 777
Experiment completed - Seed: 777

Test AUC: 0.9028
Test F1-Score: 0.4945
Test Precision: 0.3384
Test Recall: 0.9180
Test Specificity: 0.8364
Optimal Threshold: 1.0000

Confusion Matrix:
True Negatives:  11291
False Positives: 2209
False Negatives: 101
True Positives:  1130

Training time: 134.2 seconds
Completed seed 777
================================================================================

================================================================================
EXPERIMENT 18/20 - SEED: 888
Set random seed to: 888
Started experiment with seed 888
Oversampling 45794 fraud transactions...

Seed 888 - After Oversampling Training Data: Data(x=[152833, 8], edge_index=[2, 114545], edge_attr=[114545, 2], edge_label=[114545], edge_type=[114545], num_nodes=152833)
Number of nodes: 152833
Number of edges: 114545
Number of fraud transactions: 51545.0
Number of non-fraud transactions: 63000.0
Fraud ratio: 0.4500
Class imbalance ratio: 1.22:1

Seed 888 - Train Set: Data(x=[152833, 8], edge_index=[2, 114545], edge_attr=[114545, 2], edge_label=[114545], edge_type=[114545], num_nodes=152833)
Number of nodes: 152833
Number of edges: 114545
Number of fraud transactions: 51545.0
Number of non-fraud transactions: 63000.0
Fraud ratio: 0.4500
Class imbalance ratio: 1.22:1

Seed 888 - Validation Set: Data(x=[152833, 8], edge_index=[2, 14731], edge_attr=[14731, 2], edge_label=[14731], edge_type=[14731], num_nodes=152833)
Number of nodes: 152833
Number of edges: 14731
Number of fraud transactions: 1231.0
Number of non-fraud transactions: 13500.0
Fraud ratio: 0.0836
Class imbalance ratio: 10.97:1

Seed 888 - Test Set: Data(x=[152833, 8], edge_index=[2, 14731], edge_attr=[14731, 2], edge_label=[14731], edge_type=[14731], num_nodes=152833)
Number of nodes: 152833
Number of edges: 14731
Number of fraud transactions: 1231.0
Number of non-fraud transactions: 13500.0
Fraud ratio: 0.0836
Class imbalance ratio: 10.97:1

Starting training for seed 888...
Seed 888 - Epoch     0 | Loss:  3283.1353 | Val F1:  0.0000 | Val AUC: 0.5070 | Val AP: 0.0846
Seed 888 - Epoch    25 | Loss:     3.1831 | Val F1:  0.0129 | Val AUC: 0.5767 | Val AP: 0.1022
Early stopping at epoch 33 for seed 888
Experiment completed - Seed: 888

Test AUC: 0.9558
Test F1-Score: 0.6603
Test Precision: 0.5148
Test Recall: 0.9204
Test Specificity: 0.9209
Optimal Threshold: 0.9953

Confusion Matrix:
True Negatives:  12432
False Positives: 1068
False Negatives: 98
True Positives:  1133

Training time: 90.9 seconds
Completed seed 888
================================================================================

================================================================================
EXPERIMENT 19/20 - SEED: 999
Set random seed to: 999
Started experiment with seed 999
Oversampling 45794 fraud transactions...

Seed 999 - After Oversampling Training Data: Data(x=[152833, 8], edge_index=[2, 114545], edge_attr=[114545, 2], edge_label=[114545], edge_type=[114545], num_nodes=152833)
Number of nodes: 152833
Number of edges: 114545
Number of fraud transactions: 51545.0
Number of non-fraud transactions: 63000.0
Fraud ratio: 0.4500
Class imbalance ratio: 1.22:1

Seed 999 - Train Set: Data(x=[152833, 8], edge_index=[2, 114545], edge_attr=[114545, 2], edge_label=[114545], edge_type=[114545], num_nodes=152833)
Number of nodes: 152833
Number of edges: 114545
Number of fraud transactions: 51545.0
Number of non-fraud transactions: 63000.0
Fraud ratio: 0.4500
Class imbalance ratio: 1.22:1

Seed 999 - Validation Set: Data(x=[152833, 8], edge_index=[2, 14731], edge_attr=[14731, 2], edge_label=[14731], edge_type=[14731], num_nodes=152833)
Number of nodes: 152833
Number of edges: 14731
Number of fraud transactions: 1231.0
Number of non-fraud transactions: 13500.0
Fraud ratio: 0.0836
Class imbalance ratio: 10.97:1

Seed 999 - Test Set: Data(x=[152833, 8], edge_index=[2, 14731], edge_attr=[14731, 2], edge_label=[14731], edge_type=[14731], num_nodes=152833)
Number of nodes: 152833
Number of edges: 14731
Number of fraud transactions: 1231.0
Number of non-fraud transactions: 13500.0
Fraud ratio: 0.0836
Class imbalance ratio: 10.97:1

Starting training for seed 999...
Seed 999 - Epoch     0 | Loss: 12320.8115 | Val F1:  0.0000 | Val AUC: 0.5162 | Val AP: 0.0861
Seed 999 - Epoch    25 | Loss:    14.0107 | Val F1:  0.1949 | Val AUC: 0.4083 | Val AP: 0.0687
Early stopping at epoch 38 for seed 999
Experiment completed - Seed: 999

Test AUC: 0.9451
Test F1-Score: 0.6371
Test Precision: 0.4871
Test Recall: 0.9204
Test Specificity: 0.9116
Optimal Threshold: 0.9961

Confusion Matrix:
True Negatives:  12307
False Positives: 1193
False Negatives: 98
True Positives:  1133

Training time: 108.2 seconds
Completed seed 999
================================================================================

================================================================================
EXPERIMENT 20/20 - SEED: 1111
Set random seed to: 1111
Started experiment with seed 1111
Oversampling 45794 fraud transactions...

Seed 1111 - After Oversampling Training Data: Data(x=[152833, 8], edge_index=[2, 114545], edge_attr=[114545, 2], edge_label=[114545], edge_type=[114545], num_nodes=152833)
Number of nodes: 152833
Number of edges: 114545
Number of fraud transactions: 51545.0
Number of non-fraud transactions: 63000.0
Fraud ratio: 0.4500
Class imbalance ratio: 1.22:1

Seed 1111 - Train Set: Data(x=[152833, 8], edge_index=[2, 114545], edge_attr=[114545, 2], edge_label=[114545], edge_type=[114545], num_nodes=152833)
Number of nodes: 152833
Number of edges: 114545
Number of fraud transactions: 51545.0
Number of non-fraud transactions: 63000.0
Fraud ratio: 0.4500
Class imbalance ratio: 1.22:1

Seed 1111 - Validation Set: Data(x=[152833, 8], edge_index=[2, 14731], edge_attr=[14731, 2], edge_label=[14731], edge_type=[14731], num_nodes=152833)
Number of nodes: 152833
Number of edges: 14731
Number of fraud transactions: 1231.0
Number of non-fraud transactions: 13500.0
Fraud ratio: 0.0836
Class imbalance ratio: 10.97:1

Seed 1111 - Test Set: Data(x=[152833, 8], edge_index=[2, 14731], edge_attr=[14731, 2], edge_label=[14731], edge_type=[14731], num_nodes=152833)
Number of nodes: 152833
Number of edges: 14731
Number of fraud transactions: 1231.0
Number of non-fraud transactions: 13500.0
Fraud ratio: 0.0836
Class imbalance ratio: 10.97:1

Starting training for seed 1111...
Seed 1111 - Epoch     0 | Loss:  6395.5854 | Val F1:  0.0000 | Val AUC: 0.5256 | Val AP: 0.0877
Seed 1111 - Epoch    25 | Loss:     0.1734 | Val F1:  0.0145 | Val AUC: 0.5036 | Val AP: 0.0903
Early stopping at epoch 32 for seed 1111
Experiment completed - Seed: 1111

Test AUC: 0.6542
Test F1-Score: 0.1030
Test Precision: 0.3904
Test Recall: 0.0593
Test Specificity: 0.9916
Optimal Threshold: 0.4617

Confusion Matrix:
True Negatives:  13386
False Positives: 114
False Negatives: 1158
True Positives:  73

Training time: 80.7 seconds
Completed seed 1111
================================================================================

================================================================================
EXPERIMENT SUMMARY
================================================================================
Rank Seed     Test F1   Test AUC   Val F1   Epochs   Time(s) 
--------------------------------------------------------------------------------
1    444      0.8127    0.9765     0.8145   60       176     
2    888      0.6603    0.9558     0.6713   34       90      
3    999      0.6371    0.9451     0.6476   39       108     
4    2023     0.6012    0.9339     0.6094   42       98      
5    42       0.5653    0.9262     0.5714   34       55      
6    5432     0.5320    0.9169     0.5303   41       107     
7    111      0.5248    0.9079     0.5302   34       86      
8    3141     0.5115    0.8766     0.5164   48       103     
9    777      0.4945    0.9028     0.4924   46       134     
10   333      0.4937    0.8980     0.4954   41       111     

========================================
BEST EXPERIMENT DETAILS
========================================
Seed: 444
Test F1: 0.8127
Test AUC: 0.9765
Test Precision: 0.7072
Test Recall: 0.9553

Model saved at: models/best_fraud_model_seed_444.pth
Saved experiment results to results/experiment_results_20251020_174516.json
Saved experiment plots to plots\seed_experiments_20251020_174516.png
Saved training curves to plots\training_curves_best_20251020_174520.png

ANALYZING BEST MODEL
Set random seed to: 444
Oversampling 45794 fraud transactions...

Analysis of 139 high-confidence fraud predictions:
Transaction type distribution:
  TRANSFER: 68 (48.9%)
  CASH_OUT: 71 (51.1%)

Amount statistics:
  Mean: $7,943,249.00
  Median: $10,000,000.00
  Std: $3,602,469.25
  Range: $0.00 - $10,000,000.00
Saved feature analysis to results/feature_analysis_20251020_174544.json

================================================================================
COMPARISON WITH TRADITIONAL ML MODELS
================================================================================

Training Logistic Regression...
Logistic Regression - AUC: 0.9830, F1: 0.5152, Precision: 0.3474, Recall: 0.9968

Training Random Forest...
Random Forest - AUC: 0.9998, F1: 0.2183, Precision: 0.1225, Recall: 1.0000

Training Gradient Boosting...
Gradient Boosting - AUC: 0.9827, F1: 0.1542, Precision: 0.0836, Recall: 1.0000

================================================================================
FINAL COMPARISON RESULTS (Sorted by F1-Score)
================================================================================
              Model F1-Score AUC-ROC Precision Recall Specificity
     Best GAT Model   0.8127  0.9765    0.7072 0.9553      0.9639
Logistic Regression   0.5152  0.9830    0.3474 0.9968      0.8293
      Random Forest   0.2183  0.9998    0.1225 1.0000      0.3471
  Gradient Boosting   0.1542  0.9827    0.0836 1.0000      0.0000

Comparison results saved to 'model_comparison_results.csv'
Saved model comparison plot to plots\model_comparison.png

ALL EXPERIMENTS COMPLETED!
Results saved to: results/experiment_results_20251020_174516.json
Logs saved to: logs/fraud_detection_20251020_171305.log
Best model seed: 444
Best test F1: 0.8127
